EPCCFallFestApp/build/outputs/logs/manifest-merger-debug-report.txt
-- Merging decision tree log ---
manifest
ADDED from epcc-fall-fest\EPCCFallFestApp\AndroidManifest.xml:10:1-81:12
	package
		ADDED from epcc-fall-fest\EPCCFallFestApp\AndroidManifest.xml:11:5-39
	android:versionName
		ADDED from epcc-fall-fest\EPCCFallFestApp\AndroidManifest.xml:13:5-30
	android:versionCode
		ADDED from epcc-fall-fest\EPCCFallFestApp\AndroidManifest.xml:12:5-28
		INJECTED from epcc-fall-fest\EPCCFallFestApp\AndroidManifest.xml
		INJECTED from epcc-fall-fest\EPCCFallFestApp\AndroidManifest.xml
	xmlns:android
		ADDED from epcc-fall-fest\EPCCFallFestApp\AndroidManifest.xml:10:11-69
uses-sdk
ADDED from epcc-fall-fest\EPCCFallFestApp\AndroidManifest.xml:15:5-17:41
	android:targetSdkVersion
		ADDED from epcc-fall-fest\EPCCFallFestApp\AndroidManifest.xml:17:9-38
	android:minSdkVersion
		ADDED from epcc-fall-fest\EPCCFallFestApp\AndroidManifest.xml:16:9-35
uses-permission#android.permission.INTERNET
ADDED from epcc-fall-fest\EPCCFallFestApp\AndroidManifest.xml:19:5-67
	android:name
		ADDED from epcc-fall-fest\EPCCFallFestApp\AndroidManifest.xml:19:22-64
uses-permission#android.permission.ACCESS_NETWORK_STATE
ADDED from epcc-fall-fest\EPCCFallFestApp\AndroidManifest.xml:20:5-79
	android:name
		ADDED from epcc-fall-fest\EPCCFallFestApp\AndroidManifest.xml:20:22-76
uses-permission#android.permission.WAKE_LOCK
ADDED from epcc-fall-fest\EPCCFallFestApp\AndroidManifest.xml:21:5-68
	android:name
		ADDED from epcc-fall-fest\EPCCFallFestApp\AndroidManifest.xml:21:22-65
uses-permission#android.permission.VIBRATE
ADDED from epcc-fall-fest\EPCCFallFestApp\AndroidManifest.xml:22:5-66
	android:name
		ADDED from epcc-fall-fest\EPCCFallFestApp\AndroidManifest.xml:22:22-63
uses-permission#android.permission.RECEIVE_BOOT_COMPLETED
ADDED from epcc-fall-fest\EPCCFallFestApp\AndroidManifest.xml:23:5-81
	android:name
		ADDED from epcc-fall-fest\EPCCFallFestApp\AndroidManifest.xml:23:22-78
uses-permission#android.permission.GET_ACCOUNTS
ADDED from epcc-fall-fest\EPCCFallFestApp\AndroidManifest.xml:24:5-71
	android:name
		ADDED from epcc-fall-fest\EPCCFallFestApp\AndroidManifest.xml:24:22-68
uses-permission#com.google.android.c2dm.permission.RECEIVE
ADDED from epcc-fall-fest\EPCCFallFestApp\AndroidManifest.xml:25:5-82
	android:name
		ADDED from epcc-fall-fest\EPCCFallFestApp\AndroidManifest.xml:25:22-79
uses-permission#android.permission.CAMERA
ADDED from epcc-fall-fest\EPCCFallFestApp\AndroidManifest.xml:26:5-65
	android:name
		ADDED from epcc-fall-fest\EPCCFallFestApp\AndroidManifest.xml:26:22-62
application
ADDED from epcc-fall-fest\EPCCFallFestApp\AndroidManifest.xml:36:5-79:19
	android:label
		ADDED from epcc-fall-fest\EPCCFallFestApp\AndroidManifest.xml:39:9-41
	android:allowBackup
		ADDED from epcc-fall-fest\EPCCFallFestApp\AndroidManifest.xml:37:9-35
	android:icon
		ADDED from epcc-fall-fest\EPCCFallFestApp\AndroidManifest.xml:38:9-46
	android:theme
		ADDED from epcc-fall-fest\EPCCFallFestApp\AndroidManifest.xml:40:9-46
activity#edu.epcc.epccfallfestapp.Splash
ADDED from epcc-fall-fest\EPCCFallFestApp\AndroidManifest.xml:41:9-49:20
	android:screenOrientation
		ADDED from epcc-fall-fest\EPCCFallFestApp\AndroidManifest.xml:43:13-49
	android:label
		ADDED from epcc-fall-fest\EPCCFallFestApp\AndroidManifest.xml:44:13-45
	android:name
		ADDED from epcc-fall-fest\EPCCFallFestApp\AndroidManifest.xml:42:13-35
intent-filter#android.intent.action.MAIN+android.intent.category.LAUNCHER
ADDED from epcc-fall-fest\EPCCFallFestApp\AndroidManifest.xml:45:13-48:29
action#android.intent.action.MAIN
ADDED from epcc-fall-fest\EPCCFallFestApp\AndroidManifest.xml:46:17-69
	android:name
		ADDED from epcc-fall-fest\EPCCFallFestApp\AndroidManifest.xml:46:25-66
category#android.intent.category.LAUNCHER
ADDED from epcc-fall-fest\EPCCFallFestApp\AndroidManifest.xml:47:17-77
	android:name
		ADDED from epcc-fall-fest\EPCCFallFestApp\AndroidManifest.xml:47:27-74
activity#edu.epcc.epccfallfestapp.MainActivity
ADDED from epcc-fall-fest\EPCCFallFestApp\AndroidManifest.xml:51:9-53:52
	android:screenOrientation
		ADDED from epcc-fall-fest\EPCCFallFestApp\AndroidManifest.xml:53:13-49
	android:name
		ADDED from epcc-fall-fest\EPCCFallFestApp\AndroidManifest.xml:52:13-65